  pch.cpp
  Practice.cpp
f:\practice\practice\practice\practice.cpp(170): warning C4244: аргумент: преобразование "time_t" в "unsigned int", возможна потеря данных
f:\practice\practice\practice\practice.cpp(174): warning C4566: символ, представленный универсальным именем символа "\u0420", невозможно представить в текущей кодовой странице (1252)
f:\practice\practice\practice\practice.cpp(174): warning C4566: символ, представленный универсальным именем символа "\u0430", невозможно представить в текущей кодовой странице (1252)
f:\practice\practice\practice\practice.cpp(174): warning C4566: символ, представленный универсальным именем символа "\u0437", невозможно представить в текущей кодовой странице (1252)
f:\practice\practice\practice\practice.cpp(174): warning C4566: символ, представленный универсальным именем символа "\u043C", невозможно представить в текущей кодовой странице (1252)
f:\practice\practice\practice\practice.cpp(174): warning C4566: символ, представленный универсальным именем символа "\u0435", невозможно представить в текущей кодовой странице (1252)
f:\practice\practice\practice\practice.cpp(174): warning C4566: символ, представленный универсальным именем символа "\u0440", невозможно представить в текущей кодовой странице (1252)
f:\practice\practice\practice\practice.cpp(174): warning C4566: символ, представленный универсальным именем символа "\u0441", невозможно представить в текущей кодовой странице (1252)
f:\practice\practice\practice\practice.cpp(174): warning C4566: символ, представленный универсальным именем символа "\u0438", невозможно представить в текущей кодовой странице (1252)
f:\practice\practice\practice\practice.cpp(174): warning C4566: символ, представленный универсальным именем символа "\u0432", невозможно представить в текущей кодовой странице (1252)
f:\practice\practice\practice\practice.cpp(174): warning C4566: символ, представленный универсальным именем символа "\u041F", невозможно представить в текущей кодовой странице (1252)
f:\practice\practice\practice\practice.cpp(174): warning C4566: символ, представленный универсальным именем символа "\u0443", невозможно представить в текущей кодовой странице (1252)
f:\practice\practice\practice\practice.cpp(174): warning C4566: символ, представленный универсальным именем символа "\u044B", невозможно представить в текущей кодовой странице (1252)
f:\practice\practice\practice\practice.cpp(174): warning C4566: символ, представленный универсальным именем символа "\u043A", невозможно представить в текущей кодовой странице (1252)
f:\practice\practice\practice\practice.cpp(174): warning C4566: символ, представленный универсальным именем символа "\u043B", невозможно представить в текущей кодовой странице (1252)
f:\practice\practice\practice\practice.cpp(174): warning C4566: символ, представленный универсальным именем символа "\u043E", невозможно представить в текущей кодовой странице (1252)
f:\practice\practice\practice\practice.cpp(174): warning C4566: символ, представленный универсальным именем символа "\u0410", невозможно представить в текущей кодовой странице (1252)
f:\practice\practice\practice\practice.cpp(174): warning C4566: символ, представленный универсальным именем символа "\u0439", невозможно представить в текущей кодовой странице (1252)
f:\practice\practice\practice\practice.cpp(174): warning C4566: символ, представленный универсальным именем символа "\u043D", невозможно представить в текущей кодовой странице (1252)
f:\practice\practice\practice\practice.cpp(174): warning C4566: символ, представленный универсальным именем символа "\u0442", невозможно представить в текущей кодовой странице (1252)
f:\practice\practice\practice\practice.cpp(174): warning C4566: символ, представленный универсальным именем символа "\u0411", невозможно представить в текущей кодовой странице (1252)
  Practice.vcxproj -> F:\Practice\Practice\Debug\Practice.exe
